2024-12-06 21:55:18,731 - INFO - Starting scraper...
2024-12-06 21:55:19,971 - INFO - Scraper initialized successfully
2024-12-06 21:55:19,971 - INFO - Attempting to scrape URL: https://sourcing.alibaba.com/rfq/rfq_search_list.htm?country=AE&recently=Y&quantityMin=49&page=1 (Attempt 1/3)
2024-12-06 21:55:28,733 - INFO - Found 262 RFQ items
2024-12-06 21:55:34,064 - INFO - Processed 67 items successfully
2024-12-06 21:56:58,337 - INFO - Browser closed successfully
2024-12-06 21:56:59,560 - INFO - Scraper initialized successfully
2024-12-06 21:56:59,561 - INFO - Attempting to scrape URL: https://sourcing.alibaba.com/rfq/rfq_search_list.htm?country=AE&recently=Y&quantityMin=49&page=2 (Attempt 1/3)
2024-12-06 21:57:08,263 - INFO - Found 261 RFQ items
2024-12-06 21:57:13,750 - INFO - Processed 65 items successfully
2024-12-06 21:58:32,704 - INFO - Browser closed successfully
2024-12-06 21:58:32,705 - INFO - Data successfully saved to testOutput.csv
2024-12-06 21:59:54,702 - INFO - Starting scraper...
2024-12-06 21:59:55,884 - INFO - Scraper initialized successfully
2024-12-06 21:59:55,884 - INFO - Attempting to scrape URL: https://sourcing.alibaba.com/rfq/rfq_search_list.htm?country=AE&recently=Y&quantityMin=49&page=1 (Attempt 1/3)
2024-12-06 22:00:06,347 - INFO - Found 263 RFQ items
2024-12-06 22:00:11,666 - INFO - Processed 67 items successfully
2024-12-06 22:01:29,194 - INFO - Browser closed successfully
2024-12-06 22:01:30,480 - INFO - Scraper initialized successfully
2024-12-06 22:01:30,480 - INFO - Attempting to scrape URL: https://sourcing.alibaba.com/rfq/rfq_search_list.htm?country=AE&recently=Y&quantityMin=49&page=2 (Attempt 1/3)
2024-12-06 22:01:40,075 - INFO - Found 260 RFQ items
2024-12-06 22:01:45,273 - INFO - Processed 64 items successfully
2024-12-06 22:03:02,436 - INFO - Browser closed successfully
2024-12-06 22:03:02,438 - INFO - Data successfully saved to testOutput.csv
2024-12-06 22:05:43,909 - INFO - Starting scraper...
2024-12-06 22:05:45,160 - INFO - Scraper initialized successfully
2024-12-06 22:05:45,160 - INFO - Attempting to scrape URL: https://sourcing.alibaba.com/rfq/rfq_search_list.htm?country=AE&recently=Y&quantityMin=49&page=1 (Attempt 1/3)
2024-12-06 22:05:55,562 - INFO - Found 263 RFQ items
2024-12-06 22:06:00,215 - INFO - Processed 67 items successfully
2024-12-06 22:07:16,803 - INFO - Browser closed successfully
2024-12-06 22:07:18,029 - INFO - Scraper initialized successfully
2024-12-06 22:07:18,029 - INFO - Attempting to scrape URL: https://sourcing.alibaba.com/rfq/rfq_search_list.htm?country=AE&recently=Y&quantityMin=49&page=2 (Attempt 1/3)
2024-12-06 22:07:27,513 - INFO - Found 260 RFQ items
2024-12-06 22:07:32,050 - INFO - Processed 65 items successfully
2024-12-06 22:08:49,707 - INFO - Browser closed successfully
2024-12-06 22:08:49,710 - INFO - Data successfully saved to testOutput.csv
2024-12-06 22:13:38,891 - INFO - Starting scraper...
2024-12-06 22:13:40,125 - INFO - Scraper initialized successfully
2024-12-06 22:13:40,126 - INFO - Attempting to scrape URL: https://sourcing.alibaba.com/rfq/rfq_search_list.htm?country=AE&recently=Y&quantityMin=49&page=1 (Attempt 1/3)
2024-12-06 22:13:49,676 - INFO - Found 263 RFQ items
2024-12-06 22:13:54,345 - INFO - Processed 67 items successfully
2024-12-06 22:15:16,001 - INFO - Browser closed successfully
2024-12-06 22:15:17,178 - INFO - Scraper initialized successfully
2024-12-06 22:15:17,179 - INFO - Attempting to scrape URL: https://sourcing.alibaba.com/rfq/rfq_search_list.htm?country=AE&recently=Y&quantityMin=49&page=2 (Attempt 1/3)
2024-12-06 22:15:25,401 - INFO - Found 261 RFQ items
2024-12-06 22:15:29,902 - INFO - Processed 66 items successfully
2024-12-06 22:16:46,266 - INFO - Browser closed successfully
2024-12-06 22:16:46,269 - INFO - Data successfully saved to testOutput.csv
2024-12-06 22:19:05,654 - INFO - Starting scraper...
2024-12-06 22:19:06,883 - INFO - Scraper initialized successfully
2024-12-06 22:19:06,883 - INFO - Attempting to scrape URL: https://sourcing.alibaba.com/rfq/rfq_search_list.htm?country=AE&recently=Y&quantityMin=49&page=1 (Attempt 1/3)
2024-12-06 22:19:15,496 - INFO - Found 263 RFQ items
2024-12-06 22:19:20,166 - INFO - Processed 67 items successfully
2024-12-06 22:20:40,063 - INFO - Browser closed successfully
2024-12-06 22:20:41,314 - INFO - Scraper initialized successfully
2024-12-06 22:20:41,315 - INFO - Attempting to scrape URL: https://sourcing.alibaba.com/rfq/rfq_search_list.htm?country=AE&recently=Y&quantityMin=49&page=2 (Attempt 1/3)
2024-12-06 22:20:52,067 - INFO - Found 261 RFQ items
2024-12-06 22:20:56,799 - INFO - Processed 66 items successfully
2024-12-06 22:22:15,613 - INFO - Browser closed successfully
2024-12-06 22:22:15,616 - INFO - Data successfully saved to testOutput.csv
2024-12-06 22:23:24,162 - INFO - Starting scraper...
2024-12-06 22:23:25,424 - INFO - Scraper initialized successfully
2024-12-06 22:23:25,424 - INFO - Attempting to scrape URL: https://sourcing.alibaba.com/rfq/rfq_search_list.htm?country=AE&recently=Y&quantityMin=49&page=1 (Attempt 1/3)
2024-12-06 22:23:34,452 - INFO - Found 263 RFQ items
2024-12-06 22:23:39,906 - INFO - Processed 67 items successfully
2024-12-06 22:24:59,223 - INFO - Browser closed successfully
2024-12-06 22:25:00,399 - INFO - Scraper initialized successfully
2024-12-06 22:25:00,399 - INFO - Attempting to scrape URL: https://sourcing.alibaba.com/rfq/rfq_search_list.htm?country=AE&recently=Y&quantityMin=49&page=2 (Attempt 1/3)
2024-12-06 22:25:10,116 - INFO - Found 261 RFQ items
2024-12-06 22:25:15,776 - INFO - Processed 66 items successfully
2024-12-06 22:26:33,940 - INFO - Browser closed successfully
2024-12-06 22:26:33,942 - INFO - Data successfully saved to testOutput.csv
2024-12-06 22:33:59,560 - INFO - Starting scraper...
2024-12-06 22:34:00,811 - INFO - Scraper initialized successfully
2024-12-06 22:34:00,811 - INFO - Attempting to scrape URL: https://sourcing.alibaba.com/rfq/rfq_search_list.htm?country=AE&recently=Y&quantityMin=49&page=1 (Attempt 1/3)
2024-12-06 22:34:10,725 - INFO - Found 263 RFQ items
2024-12-06 22:34:16,147 - INFO - Processed 67 items successfully
2024-12-06 22:35:35,212 - INFO - Browser closed successfully
2024-12-06 22:35:36,438 - INFO - Scraper initialized successfully
2024-12-06 22:35:36,439 - INFO - Attempting to scrape URL: https://sourcing.alibaba.com/rfq/rfq_search_list.htm?country=AE&recently=Y&quantityMin=49&page=2 (Attempt 1/3)
2024-12-06 22:35:45,417 - INFO - Found 261 RFQ items
2024-12-06 22:35:50,754 - INFO - Processed 66 items successfully
2024-12-06 22:37:08,799 - INFO - Browser closed successfully
2024-12-06 22:37:08,801 - INFO - Data successfully saved to testOutput.csv
2024-12-06 22:43:54,407 - INFO - Starting scraper...
2024-12-06 22:43:55,670 - INFO - Scraper initialized successfully
2024-12-06 22:43:55,670 - INFO - Attempting to scrape URL: https://sourcing.alibaba.com/rfq/rfq_search_list.htm?country=AE&recently=Y&quantityMin=49&page=1 (Attempt 1/3)
2024-12-06 22:44:05,804 - INFO - Found 263 RFQ items
2024-12-06 22:44:09,534 - INFO - Processed 0 items successfully
2024-12-06 22:44:11,938 - INFO - Browser closed successfully
2024-12-06 22:44:13,192 - INFO - Scraper initialized successfully
2024-12-06 22:44:13,192 - INFO - Attempting to scrape URL: https://sourcing.alibaba.com/rfq/rfq_search_list.htm?country=AE&recently=Y&quantityMin=49&page=2 (Attempt 1/3)
2024-12-06 22:44:26,350 - INFO - Found 261 RFQ items
2024-12-06 22:44:29,820 - INFO - Processed 0 items successfully
2024-12-06 22:44:32,159 - INFO - Browser closed successfully
2024-12-06 22:44:32,160 - INFO - Data successfully saved to testOutput.csv
2024-12-06 22:46:10,452 - INFO - Starting scraper...
2024-12-06 22:46:11,692 - INFO - Scraper initialized successfully
2024-12-06 22:46:11,692 - INFO - Attempting to scrape URL: https://sourcing.alibaba.com/rfq/rfq_search_list.htm?country=AE&recently=Y&quantityMin=49&page=1 (Attempt 1/3)
2024-12-06 22:46:21,089 - INFO - Found 263 RFQ items
2024-12-06 22:46:26,501 - INFO - Processed 67 items successfully
2024-12-06 22:47:46,219 - INFO - Browser closed successfully
2024-12-06 22:47:47,473 - INFO - Scraper initialized successfully
2024-12-06 22:47:47,474 - INFO - Attempting to scrape URL: https://sourcing.alibaba.com/rfq/rfq_search_list.htm?country=AE&recently=Y&quantityMin=49&page=2 (Attempt 1/3)
2024-12-06 22:47:58,103 - INFO - Found 261 RFQ items
2024-12-06 22:48:03,388 - INFO - Processed 66 items successfully
2024-12-06 22:49:22,441 - INFO - Browser closed successfully
2024-12-06 22:49:22,443 - INFO - Data successfully saved to testOutput.csv
2024-12-06 22:51:13,343 - INFO - Starting scraper...
2024-12-06 22:51:14,622 - INFO - Scraper initialized successfully
2024-12-06 22:51:14,622 - INFO - Attempting to scrape URL: https://sourcing.alibaba.com/rfq/rfq_search_list.htm?country=AE&recently=Y&quantityMin=49&page=1 (Attempt 1/3)
2024-12-06 22:51:24,557 - INFO - Found 263 RFQ items
2024-12-06 22:51:29,245 - INFO - Processed 67 items successfully
2024-12-06 22:52:49,148 - INFO - Browser closed successfully
2024-12-06 22:52:50,546 - INFO - Scraper initialized successfully
2024-12-06 22:52:50,546 - INFO - Attempting to scrape URL: https://sourcing.alibaba.com/rfq/rfq_search_list.htm?country=AE&recently=Y&quantityMin=49&page=2 (Attempt 1/3)
2024-12-06 22:53:02,816 - INFO - Found 261 RFQ items
2024-12-06 22:53:07,880 - INFO - Processed 66 items successfully
2024-12-06 22:54:26,792 - INFO - Browser closed successfully
2024-12-06 22:54:26,794 - INFO - Data successfully saved to testOutput.csv
2024-12-06 23:03:01,948 - INFO - Starting scraper...
2024-12-06 23:03:03,639 - INFO - Scraper initialized successfully
2024-12-06 23:03:03,639 - INFO - Attempting to scrape URL: https://sourcing.alibaba.com/rfq/rfq_search_list.htm?country=AE&recently=Y&quantityMin=49&page=1 (Attempt 1/3)
2024-12-06 23:03:19,279 - INFO - Found 263 RFQ items
2024-12-06 23:03:24,647 - INFO - Processed 67 items successfully
2024-12-06 23:04:45,329 - INFO - Browser closed successfully
2024-12-06 23:04:46,689 - INFO - Scraper initialized successfully
2024-12-06 23:04:46,689 - INFO - Attempting to scrape URL: https://sourcing.alibaba.com/rfq/rfq_search_list.htm?country=AE&recently=Y&quantityMin=49&page=2 (Attempt 1/3)
2024-12-06 23:04:55,230 - INFO - Found 261 RFQ items
2024-12-06 23:05:00,661 - INFO - Processed 66 items successfully
2024-12-06 23:06:19,984 - INFO - Browser closed successfully
2024-12-06 23:06:19,987 - INFO - Data successfully saved to testOutput.csv
2024-12-06 23:07:45,801 - INFO - Starting scraper...
2024-12-06 23:07:47,283 - INFO - Scraper initialized successfully
2024-12-06 23:07:47,283 - INFO - Attempting to scrape URL: https://sourcing.alibaba.com/rfq/rfq_search_list.htm?country=AE&recently=Y&quantityMin=49&page=1 (Attempt 1/3)
2024-12-06 23:07:56,716 - INFO - Found 263 RFQ items
2024-12-06 23:08:03,000 - INFO - Processed 67 items successfully
2024-12-06 23:09:23,634 - INFO - Browser closed successfully
2024-12-06 23:09:23,636 - INFO - Data successfully saved to testOutput.csv
